[debug] [2021-07-23T03:29:03.789Z] ----------------------------------------------------------------------
[debug] [2021-07-23T03:29:03.793Z] Command:       /usr/local/bin/node /usr/local/bin/firebase init
[debug] [2021-07-23T03:29:03.793Z] CLI Version:   9.16.0
[debug] [2021-07-23T03:29:03.794Z] Platform:      linux
[debug] [2021-07-23T03:29:03.794Z] Node Version:  v16.4.0
[debug] [2021-07-23T03:29:03.794Z] Time:          Fri Jul 23 2021 08:59:03 GMT+0530 (India Standard Time)
[debug] [2021-07-23T03:29:03.795Z] ----------------------------------------------------------------------
[debug] 
[debug] [2021-07-23T03:29:03.830Z] > command requires scopes: ["email","openid","https://www.googleapis.com/auth/cloudplatformprojects.readonly","https://www.googleapis.com/auth/firebase","https://www.googleapis.com/auth/cloud-platform"]
[debug] [2021-07-23T03:29:03.830Z] > authorizing via signed-in user (developer.network3@gmail.com)
[info] 
     ######## #### ########  ######## ########     ###     ######  ########
     ##        ##  ##     ## ##       ##     ##  ##   ##  ##       ##
     ######    ##  ########  ######   ########  #########  ######  ######
     ##        ##  ##    ##  ##       ##     ## ##     ##       ## ##
     ##       #### ##     ## ######## ########  ##     ##  ######  ########

You're about to initialize a Firebase project in this directory:

  /var/www/node/firehoist

Before we get started, keep in mind:

  * You are currently outside your home directory

